2025-10-05 00:16:49.828 [background-preinit] INFO  org.hibernate.validator.internal.util.Version - HV000001: Hibernate Validator 8.0.1.Final
2025-10-05 00:16:49.879 [main] INFO  com.autocrowd.backend.BackendApplication - Starting BackendApplication using Java 17.0.8.1 with PID 18772 (D:\Project\Blockchain_NEV\backend\target\classes started by GHOST in D:\Project\Blockchain_NEV\backend)
2025-10-05 00:16:49.880 [main] INFO  com.autocrowd.backend.BackendApplication - No active profile set, falling back to 1 default profile: "default"
2025-10-05 00:16:50.804 [main] INFO  o.s.d.r.config.RepositoryConfigurationDelegate - Multiple Spring Data modules found, entering strict repository configuration mode
2025-10-05 00:16:50.806 [main] INFO  o.s.d.r.config.RepositoryConfigurationDelegate - Bootstrapping Spring Data JPA repositories in DEFAULT mode.
2025-10-05 00:16:50.939 [main] INFO  o.s.d.r.config.RepositoryConfigurationDelegate - Finished Spring Data repository scanning in 125 ms. Found 7 JPA repository interfaces.
2025-10-05 00:16:50.951 [main] INFO  o.s.d.r.config.RepositoryConfigurationDelegate - Multiple Spring Data modules found, entering strict repository configuration mode
2025-10-05 00:16:50.953 [main] INFO  o.s.d.r.config.RepositoryConfigurationDelegate - Bootstrapping Spring Data Redis repositories in DEFAULT mode.
2025-10-05 00:16:50.965 [main] INFO  o.s.d.r.c.RepositoryConfigurationExtensionSupport - Spring Data Redis - Could not safely identify store assignment for repository candidate interface com.autocrowd.backend.repository.DriverRepository; If you want this repository to be a Redis repository, consider annotating your entities with one of these annotations: org.springframework.data.redis.core.RedisHash (preferred), or consider extending one of the following types with your repository: org.springframework.data.keyvalue.repository.KeyValueRepository
2025-10-05 00:16:50.965 [main] INFO  o.s.d.r.c.RepositoryConfigurationExtensionSupport - Spring Data Redis - Could not safely identify store assignment for repository candidate interface com.autocrowd.backend.repository.FinancialRepository; If you want this repository to be a Redis repository, consider annotating your entities with one of these annotations: org.springframework.data.redis.core.RedisHash (preferred), or consider extending one of the following types with your repository: org.springframework.data.keyvalue.repository.KeyValueRepository
2025-10-05 00:16:50.965 [main] INFO  o.s.d.r.c.RepositoryConfigurationExtensionSupport - Spring Data Redis - Could not safely identify store assignment for repository candidate interface com.autocrowd.backend.repository.OrderRepository; If you want this repository to be a Redis repository, consider annotating your entities with one of these annotations: org.springframework.data.redis.core.RedisHash (preferred), or consider extending one of the following types with your repository: org.springframework.data.keyvalue.repository.KeyValueRepository
2025-10-05 00:16:50.965 [main] INFO  o.s.d.r.c.RepositoryConfigurationExtensionSupport - Spring Data Redis - Could not safely identify store assignment for repository candidate interface com.autocrowd.backend.repository.ReviewRepository; If you want this repository to be a Redis repository, consider annotating your entities with one of these annotations: org.springframework.data.redis.core.RedisHash (preferred), or consider extending one of the following types with your repository: org.springframework.data.keyvalue.repository.KeyValueRepository
2025-10-05 00:16:50.965 [main] INFO  o.s.d.r.c.RepositoryConfigurationExtensionSupport - Spring Data Redis - Could not safely identify store assignment for repository candidate interface com.autocrowd.backend.repository.UserRepository; If you want this repository to be a Redis repository, consider annotating your entities with one of these annotations: org.springframework.data.redis.core.RedisHash (preferred), or consider extending one of the following types with your repository: org.springframework.data.keyvalue.repository.KeyValueRepository
2025-10-05 00:16:50.966 [main] INFO  o.s.d.r.c.RepositoryConfigurationExtensionSupport - Spring Data Redis - Could not safely identify store assignment for repository candidate interface com.autocrowd.backend.repository.VehicleConditionRepository; If you want this repository to be a Redis repository, consider annotating your entities with one of these annotations: org.springframework.data.redis.core.RedisHash (preferred), or consider extending one of the following types with your repository: org.springframework.data.keyvalue.repository.KeyValueRepository
2025-10-05 00:16:50.966 [main] INFO  o.s.d.r.c.RepositoryConfigurationExtensionSupport - Spring Data Redis - Could not safely identify store assignment for repository candidate interface com.autocrowd.backend.repository.VehicleRepository; If you want this repository to be a Redis repository, consider annotating your entities with one of these annotations: org.springframework.data.redis.core.RedisHash (preferred), or consider extending one of the following types with your repository: org.springframework.data.keyvalue.repository.KeyValueRepository
2025-10-05 00:16:50.966 [main] INFO  o.s.d.r.config.RepositoryConfigurationDelegate - Finished Spring Data repository scanning in 6 ms. Found 0 Redis repository interfaces.
2025-10-05 00:16:51.586 [main] INFO  o.s.boot.web.embedded.tomcat.TomcatWebServer - Tomcat initialized with port 8080 (http)
2025-10-05 00:16:51.593 [main] INFO  org.apache.coyote.http11.Http11NioProtocol - Initializing ProtocolHandler ["http-nio-8080"]
2025-10-05 00:16:51.595 [main] INFO  org.apache.catalina.core.StandardService - Starting service [Tomcat]
2025-10-05 00:16:51.595 [main] INFO  org.apache.catalina.core.StandardEngine - Starting Servlet engine: [Apache Tomcat/10.1.26]
2025-10-05 00:16:51.653 [main] INFO  o.a.c.core.ContainerBase.[Tomcat].[localhost].[/] - Initializing Spring embedded WebApplicationContext
2025-10-05 00:16:51.653 [main] INFO  o.s.b.w.s.c.ServletWebServerApplicationContext - Root WebApplicationContext: initialization completed in 1733 ms
2025-10-05 00:16:51.900 [main] INFO  org.hibernate.jpa.internal.util.LogHelper - HHH000204: Processing PersistenceUnitInfo [name: default]
2025-10-05 00:16:51.952 [main] INFO  org.hibernate.Version - HHH000412: Hibernate ORM core version 6.5.2.Final
2025-10-05 00:16:51.978 [main] INFO  o.hibernate.cache.internal.RegionFactoryInitiator - HHH000026: Second-level cache disabled
2025-10-05 00:16:52.189 [main] INFO  o.s.o.j.persistenceunit.SpringPersistenceUnitInfo - No LoadTimeWeaver setup: ignoring JPA class transformer
2025-10-05 00:16:52.208 [main] INFO  com.zaxxer.hikari.HikariDataSource - HikariPool-1 - Starting...
2025-10-05 00:16:52.494 [main] INFO  com.zaxxer.hikari.pool.HikariPool - HikariPool-1 - Added connection com.mysql.cj.jdbc.ConnectionImpl@8e00c02
2025-10-05 00:16:52.496 [main] INFO  com.zaxxer.hikari.HikariDataSource - HikariPool-1 - Start completed.
2025-10-05 00:16:52.564 [main] WARN  org.hibernate.orm.deprecation - HHH90000025: MySQLDialect does not need to be specified explicitly using 'hibernate.dialect' (remove the property setting and it will be selected by default)
2025-10-05 00:16:53.311 [main] INFO  o.h.e.t.jta.platform.internal.JtaPlatformInitiator - HHH000489: No JTA platform available (set 'hibernate.transaction.jta.platform' to enable JTA platform integration)
2025-10-05 00:16:53.313 [main] INFO  o.s.orm.jpa.LocalContainerEntityManagerFactoryBean - Initialized JPA EntityManagerFactory for persistence unit 'default'
2025-10-05 00:16:53.545 [main] INFO  o.s.data.jpa.repository.query.QueryEnhancerFactory - Hibernate is in classpath; If applicable, HQL parser will be used.
2025-10-05 00:16:53.856 [main] INFO  c.a.backend.service.impl.BlockchainServiceImpl - [BlockchainService] 初始化区块链连接
2025-10-05 00:16:53.856 [main] INFO  c.a.backend.service.impl.BlockchainServiceImpl - [BlockchainService] 区块链配置信息:
2025-10-05 00:16:53.856 [main] INFO  c.a.backend.service.impl.BlockchainServiceImpl -   MSP ID: Org1MSP
2025-10-05 00:16:53.856 [main] INFO  c.a.backend.service.impl.BlockchainServiceImpl -   Channel Name: mychannel
2025-10-05 00:16:53.856 [main] INFO  c.a.backend.service.impl.BlockchainServiceImpl -   Order Chaincode Name: ordersLedger
2025-10-05 00:16:53.856 [main] INFO  c.a.backend.service.impl.BlockchainServiceImpl -   Financial Chaincode Name: financialsLedger
2025-10-05 00:16:53.857 [main] INFO  c.a.backend.service.impl.BlockchainServiceImpl -   Peer Endpoint: 10.147.17.184:7051
2025-10-05 00:16:53.857 [main] INFO  c.a.backend.service.impl.BlockchainServiceImpl -   Peer Host Alias: peer0.org1.example.com
2025-10-05 00:17:09.672 [main] ERROR c.a.backend.service.impl.BlockchainServiceImpl - [BlockchainService] 区块链连接初始化失败: io.grpc.StatusRuntimeException: DEADLINE_EXCEEDED: CallOptions deadline exceeded after 14.979495100s. Name resolution delay 0.005166900 seconds. [closed=[], open=[[buffered_nanos=14982890100, waiting_for_connection]]]
org.hyperledger.fabric.client.EndorseException: io.grpc.StatusRuntimeException: DEADLINE_EXCEEDED: CallOptions deadline exceeded after 14.979495100s. Name resolution delay 0.005166900 seconds. [closed=[], open=[[buffered_nanos=14982890100, waiting_for_connection]]]
	at org.hyperledger.fabric.client.GatewayClient.endorse(GatewayClient.java:74)
	at org.hyperledger.fabric.client.ProposalImpl.endorse(ProposalImpl.java:76)
	at org.hyperledger.fabric.client.Proposal.endorse(Proposal.java:64)
	at org.hyperledger.fabric.client.ContractImpl.submitTransaction(ContractImpl.java:45)
	at com.autocrowd.backend.service.impl.BlockchainServiceImpl.init(BlockchainServiceImpl.java:104)
	at java.base/jdk.internal.reflect.NativeMethodAccessorImpl.invoke0(Native Method)
	at java.base/jdk.internal.reflect.NativeMethodAccessorImpl.invoke(NativeMethodAccessorImpl.java:77)
	at java.base/jdk.internal.reflect.DelegatingMethodAccessorImpl.invoke(DelegatingMethodAccessorImpl.java:43)
	at java.base/java.lang.reflect.Method.invoke(Method.java:568)
	at org.springframework.beans.factory.annotation.InitDestroyAnnotationBeanPostProcessor$LifecycleMethod.invoke(InitDestroyAnnotationBeanPostProcessor.java:457)
	at org.springframework.beans.factory.annotation.InitDestroyAnnotationBeanPostProcessor$LifecycleMetadata.invokeInitMethods(InitDestroyAnnotationBeanPostProcessor.java:401)
	at org.springframework.beans.factory.annotation.InitDestroyAnnotationBeanPostProcessor.postProcessBeforeInitialization(InitDestroyAnnotationBeanPostProcessor.java:219)
	at org.springframework.beans.factory.support.AbstractAutowireCapableBeanFactory.applyBeanPostProcessorsBeforeInitialization(AbstractAutowireCapableBeanFactory.java:422)
	at org.springframework.beans.factory.support.AbstractAutowireCapableBeanFactory.initializeBean(AbstractAutowireCapableBeanFactory.java:1798)
	at org.springframework.beans.factory.support.AbstractAutowireCapableBeanFactory.doCreateBean(AbstractAutowireCapableBeanFactory.java:600)
	at org.springframework.beans.factory.support.AbstractAutowireCapableBeanFactory.createBean(AbstractAutowireCapableBeanFactory.java:522)
	at org.springframework.beans.factory.support.AbstractBeanFactory.lambda$doGetBean$0(AbstractBeanFactory.java:337)
	at org.springframework.beans.factory.support.DefaultSingletonBeanRegistry.getSingleton(DefaultSingletonBeanRegistry.java:234)
	at org.springframework.beans.factory.support.AbstractBeanFactory.doGetBean(AbstractBeanFactory.java:335)
	at org.springframework.beans.factory.support.AbstractBeanFactory.getBean(AbstractBeanFactory.java:200)
	at org.springframework.beans.factory.config.DependencyDescriptor.resolveCandidate(DependencyDescriptor.java:254)
	at org.springframework.beans.factory.support.DefaultListableBeanFactory.doResolveDependency(DefaultListableBeanFactory.java:1443)
	at org.springframework.beans.factory.support.DefaultListableBeanFactory.resolveDependency(DefaultListableBeanFactory.java:1353)
	at org.springframework.beans.factory.support.ConstructorResolver.resolveAutowiredArgument(ConstructorResolver.java:904)
	at org.springframework.beans.factory.support.ConstructorResolver.createArgumentArray(ConstructorResolver.java:782)
	at org.springframework.beans.factory.support.ConstructorResolver.autowireConstructor(ConstructorResolver.java:237)
	at org.springframework.beans.factory.support.AbstractAutowireCapableBeanFactory.autowireConstructor(AbstractAutowireCapableBeanFactory.java:1375)
	at org.springframework.beans.factory.support.AbstractAutowireCapableBeanFactory.createBeanInstance(AbstractAutowireCapableBeanFactory.java:1212)
	at org.springframework.beans.factory.support.AbstractAutowireCapableBeanFactory.doCreateBean(AbstractAutowireCapableBeanFactory.java:562)
	at org.springframework.beans.factory.support.AbstractAutowireCapableBeanFactory.createBean(AbstractAutowireCapableBeanFactory.java:522)
	at org.springframework.beans.factory.support.AbstractBeanFactory.lambda$doGetBean$0(AbstractBeanFactory.java:337)
	at org.springframework.beans.factory.support.DefaultSingletonBeanRegistry.getSingleton(DefaultSingletonBeanRegistry.java:234)
	at org.springframework.beans.factory.support.AbstractBeanFactory.doGetBean(AbstractBeanFactory.java:335)
	at org.springframework.beans.factory.support.AbstractBeanFactory.getBean(AbstractBeanFactory.java:200)
	at org.springframework.beans.factory.config.DependencyDescriptor.resolveCandidate(DependencyDescriptor.java:254)
	at org.springframework.beans.factory.support.DefaultListableBeanFactory.doResolveDependency(DefaultListableBeanFactory.java:1443)
	at org.springframework.beans.factory.support.DefaultListableBeanFactory.resolveDependency(DefaultListableBeanFactory.java:1353)
	at org.springframework.beans.factory.support.ConstructorResolver.resolveAutowiredArgument(ConstructorResolver.java:904)
	at org.springframework.beans.factory.support.ConstructorResolver.createArgumentArray(ConstructorResolver.java:782)
	at org.springframework.beans.factory.support.ConstructorResolver.autowireConstructor(ConstructorResolver.java:237)
	at org.springframework.beans.factory.support.AbstractAutowireCapableBeanFactory.autowireConstructor(AbstractAutowireCapableBeanFactory.java:1375)
	at org.springframework.beans.factory.support.AbstractAutowireCapableBeanFactory.createBeanInstance(AbstractAutowireCapableBeanFactory.java:1212)
	at org.springframework.beans.factory.support.AbstractAutowireCapableBeanFactory.doCreateBean(AbstractAutowireCapableBeanFactory.java:562)
	at org.springframework.beans.factory.support.AbstractAutowireCapableBeanFactory.createBean(AbstractAutowireCapableBeanFactory.java:522)
	at org.springframework.beans.factory.support.AbstractBeanFactory.lambda$doGetBean$0(AbstractBeanFactory.java:337)
	at org.springframework.beans.factory.support.DefaultSingletonBeanRegistry.getSingleton(DefaultSingletonBeanRegistry.java:234)
	at org.springframework.beans.factory.support.AbstractBeanFactory.doGetBean(AbstractBeanFactory.java:335)
	at org.springframework.beans.factory.support.AbstractBeanFactory.getBean(AbstractBeanFactory.java:200)
	at org.springframework.beans.factory.support.DefaultListableBeanFactory.preInstantiateSingletons(DefaultListableBeanFactory.java:975)
	at org.springframework.context.support.AbstractApplicationContext.finishBeanFactoryInitialization(AbstractApplicationContext.java:971)
	at org.springframework.context.support.AbstractApplicationContext.refresh(AbstractApplicationContext.java:625)
	at org.springframework.boot.web.servlet.context.ServletWebServerApplicationContext.refresh(ServletWebServerApplicationContext.java:146)
	at org.springframework.boot.SpringApplication.refresh(SpringApplication.java:754)
	at org.springframework.boot.SpringApplication.refreshContext(SpringApplication.java:456)
	at org.springframework.boot.SpringApplication.run(SpringApplication.java:335)
	at org.springframework.boot.SpringApplication.run(SpringApplication.java:1363)
	at org.springframework.boot.SpringApplication.run(SpringApplication.java:1352)
	at com.autocrowd.backend.BackendApplication.main(BackendApplication.java:10)
Caused by: io.grpc.StatusRuntimeException: DEADLINE_EXCEEDED: CallOptions deadline exceeded after 14.979495100s. Name resolution delay 0.005166900 seconds. [closed=[], open=[[buffered_nanos=14982890100, waiting_for_connection]]]
	at io.grpc.stub.ClientCalls.toStatusRuntimeException(ClientCalls.java:268)
	at io.grpc.stub.ClientCalls.getUnchecked(ClientCalls.java:249)
	at io.grpc.stub.ClientCalls.blockingUnaryCall(ClientCalls.java:167)
	at org.hyperledger.fabric.protos.gateway.GatewayGrpc$GatewayBlockingStub.endorse(GatewayGrpc.java:455)
	at org.hyperledger.fabric.client.GatewayClient.endorse(GatewayClient.java:72)
	... 57 common frames omitted
2025-10-05 00:17:09.711 [main] INFO  c.a.backend.service.PairingBasedCryptosystem - IBE系统参数初始化完成
2025-10-05 00:17:09.712 [main] INFO  com.autocrowd.backend.service.IbeService - IBE服务初始化完成
2025-10-05 00:17:09.788 [main] WARN  o.s.b.a.s.s.UserDetailsServiceAutoConfiguration - 

Using generated security password: 0ae43dfe-ccf5-451f-98f9-b65ec52b496c

This generated password is for development use only. Your security configuration must be updated before running your application in production.

2025-10-05 00:17:09.800 [main] INFO  o.s.s.c.a.a.c.InitializeUserDetailsBeanManagerConfigurer$InitializeUserDetailsManagerConfigurer - Global AuthenticationManager configured with UserDetailsService bean with name inMemoryUserDetailsManager
2025-10-05 00:17:10.315 [main] INFO  o.s.b.actuate.endpoint.web.EndpointLinksResolver - Exposing 1 endpoint beneath base path '/actuator'
2025-10-05 00:17:10.813 [main] INFO  org.apache.coyote.http11.Http11NioProtocol - Starting ProtocolHandler ["http-nio-8080"]
2025-10-05 00:17:10.822 [main] INFO  o.s.boot.web.embedded.tomcat.TomcatWebServer - Tomcat started on port 8080 (http) with context path '/'
2025-10-05 00:17:10.832 [main] INFO  com.autocrowd.backend.BackendApplication - Started BackendApplication in 21.524 seconds (process running for 22.349)
2025-10-05 00:17:11.353 [RMI TCP Connection(3)-192.168.3.86] INFO  o.a.c.core.ContainerBase.[Tomcat].[localhost].[/] - Initializing Spring DispatcherServlet 'dispatcherServlet'
2025-10-05 00:17:11.353 [RMI TCP Connection(3)-192.168.3.86] INFO  org.springframework.web.servlet.DispatcherServlet - Initializing Servlet 'dispatcherServlet'
2025-10-05 00:17:11.355 [RMI TCP Connection(3)-192.168.3.86] INFO  org.springframework.web.servlet.DispatcherServlet - Completed initialization in 1 ms
2025-10-05 01:00:53.608 [http-nio-8080-exec-5] INFO  com.autocrowd.backend.controller.DriverController - [DriverController] 车主登录接口 - 接收到登录请求: DriverLoginRequest(phone=19900000002, password=Test_222)
2025-10-05 01:00:53.609 [http-nio-8080-exec-5] INFO  c.autocrowd.backend.service.impl.DriverServiceImpl - [DriverService] 车主登录 - 手机号: 19900000002
2025-10-05 01:00:53.736 [http-nio-8080-exec-5] INFO  c.autocrowd.backend.service.impl.DriverServiceImpl - [DriverService] 车主登录成功 - 司机ID: 507, 用户名: Test_222
2025-10-05 01:23:25.743 [SpringApplicationShutdownHook] INFO  c.a.backend.service.impl.BlockchainServiceImpl - [BlockchainService] 销毁区块链连接
2025-10-05 01:23:25.744 [SpringApplicationShutdownHook] INFO  o.s.orm.jpa.LocalContainerEntityManagerFactoryBean - Closing JPA EntityManagerFactory for persistence unit 'default'
2025-10-05 01:23:25.747 [SpringApplicationShutdownHook] INFO  com.zaxxer.hikari.HikariDataSource - HikariPool-1 - Shutdown initiated...
2025-10-05 01:23:25.761 [SpringApplicationShutdownHook] INFO  com.zaxxer.hikari.HikariDataSource - HikariPool-1 - Shutdown completed.
2025-10-05 21:35:19.466 [background-preinit] INFO  org.hibernate.validator.internal.util.Version - HV000001: Hibernate Validator 8.0.1.Final
2025-10-05 21:35:19.507 [main] INFO  com.autocrowd.backend.BackendApplication - Starting BackendApplication using Java 17.0.8.1 with PID 26296 (D:\Project\Blockchain_NEV\backend\target\classes started by GHOST in D:\Project\Blockchain_NEV\backend)
2025-10-05 21:35:19.508 [main] INFO  com.autocrowd.backend.BackendApplication - No active profile set, falling back to 1 default profile: "default"
2025-10-05 21:35:20.443 [main] INFO  o.s.d.r.config.RepositoryConfigurationDelegate - Multiple Spring Data modules found, entering strict repository configuration mode
2025-10-05 21:35:20.444 [main] INFO  o.s.d.r.config.RepositoryConfigurationDelegate - Bootstrapping Spring Data JPA repositories in DEFAULT mode.
2025-10-05 21:35:20.580 [main] INFO  o.s.d.r.config.RepositoryConfigurationDelegate - Finished Spring Data repository scanning in 129 ms. Found 7 JPA repository interfaces.
2025-10-05 21:35:20.591 [main] INFO  o.s.d.r.config.RepositoryConfigurationDelegate - Multiple Spring Data modules found, entering strict repository configuration mode
2025-10-05 21:35:20.593 [main] INFO  o.s.d.r.config.RepositoryConfigurationDelegate - Bootstrapping Spring Data Redis repositories in DEFAULT mode.
2025-10-05 21:35:20.605 [main] INFO  o.s.d.r.c.RepositoryConfigurationExtensionSupport - Spring Data Redis - Could not safely identify store assignment for repository candidate interface com.autocrowd.backend.repository.DriverRepository; If you want this repository to be a Redis repository, consider annotating your entities with one of these annotations: org.springframework.data.redis.core.RedisHash (preferred), or consider extending one of the following types with your repository: org.springframework.data.keyvalue.repository.KeyValueRepository
2025-10-05 21:35:20.606 [main] INFO  o.s.d.r.c.RepositoryConfigurationExtensionSupport - Spring Data Redis - Could not safely identify store assignment for repository candidate interface com.autocrowd.backend.repository.FinancialRepository; If you want this repository to be a Redis repository, consider annotating your entities with one of these annotations: org.springframework.data.redis.core.RedisHash (preferred), or consider extending one of the following types with your repository: org.springframework.data.keyvalue.repository.KeyValueRepository
2025-10-05 21:35:20.606 [main] INFO  o.s.d.r.c.RepositoryConfigurationExtensionSupport - Spring Data Redis - Could not safely identify store assignment for repository candidate interface com.autocrowd.backend.repository.OrderRepository; If you want this repository to be a Redis repository, consider annotating your entities with one of these annotations: org.springframework.data.redis.core.RedisHash (preferred), or consider extending one of the following types with your repository: org.springframework.data.keyvalue.repository.KeyValueRepository
2025-10-05 21:35:20.606 [main] INFO  o.s.d.r.c.RepositoryConfigurationExtensionSupport - Spring Data Redis - Could not safely identify store assignment for repository candidate interface com.autocrowd.backend.repository.ReviewRepository; If you want this repository to be a Redis repository, consider annotating your entities with one of these annotations: org.springframework.data.redis.core.RedisHash (preferred), or consider extending one of the following types with your repository: org.springframework.data.keyvalue.repository.KeyValueRepository
2025-10-05 21:35:20.606 [main] INFO  o.s.d.r.c.RepositoryConfigurationExtensionSupport - Spring Data Redis - Could not safely identify store assignment for repository candidate interface com.autocrowd.backend.repository.UserRepository; If you want this repository to be a Redis repository, consider annotating your entities with one of these annotations: org.springframework.data.redis.core.RedisHash (preferred), or consider extending one of the following types with your repository: org.springframework.data.keyvalue.repository.KeyValueRepository
2025-10-05 21:35:20.606 [main] INFO  o.s.d.r.c.RepositoryConfigurationExtensionSupport - Spring Data Redis - Could not safely identify store assignment for repository candidate interface com.autocrowd.backend.repository.VehicleConditionRepository; If you want this repository to be a Redis repository, consider annotating your entities with one of these annotations: org.springframework.data.redis.core.RedisHash (preferred), or consider extending one of the following types with your repository: org.springframework.data.keyvalue.repository.KeyValueRepository
2025-10-05 21:35:20.606 [main] INFO  o.s.d.r.c.RepositoryConfigurationExtensionSupport - Spring Data Redis - Could not safely identify store assignment for repository candidate interface com.autocrowd.backend.repository.VehicleRepository; If you want this repository to be a Redis repository, consider annotating your entities with one of these annotations: org.springframework.data.redis.core.RedisHash (preferred), or consider extending one of the following types with your repository: org.springframework.data.keyvalue.repository.KeyValueRepository
2025-10-05 21:35:20.606 [main] INFO  o.s.d.r.config.RepositoryConfigurationDelegate - Finished Spring Data repository scanning in 5 ms. Found 0 Redis repository interfaces.
2025-10-05 21:35:21.201 [main] INFO  o.s.boot.web.embedded.tomcat.TomcatWebServer - Tomcat initialized with port 8080 (http)
2025-10-05 21:35:21.208 [main] INFO  org.apache.coyote.http11.Http11NioProtocol - Initializing ProtocolHandler ["http-nio-8080"]
2025-10-05 21:35:21.210 [main] INFO  org.apache.catalina.core.StandardService - Starting service [Tomcat]
2025-10-05 21:35:21.210 [main] INFO  org.apache.catalina.core.StandardEngine - Starting Servlet engine: [Apache Tomcat/10.1.26]
2025-10-05 21:35:21.262 [main] INFO  o.a.c.core.ContainerBase.[Tomcat].[localhost].[/] - Initializing Spring embedded WebApplicationContext
2025-10-05 21:35:21.262 [main] INFO  o.s.b.w.s.c.ServletWebServerApplicationContext - Root WebApplicationContext: initialization completed in 1714 ms
2025-10-05 21:35:21.512 [main] INFO  org.hibernate.jpa.internal.util.LogHelper - HHH000204: Processing PersistenceUnitInfo [name: default]
2025-10-05 21:35:21.566 [main] INFO  org.hibernate.Version - HHH000412: Hibernate ORM core version 6.5.2.Final
2025-10-05 21:35:21.598 [main] INFO  o.hibernate.cache.internal.RegionFactoryInitiator - HHH000026: Second-level cache disabled
2025-10-05 21:35:21.808 [main] INFO  o.s.o.j.persistenceunit.SpringPersistenceUnitInfo - No LoadTimeWeaver setup: ignoring JPA class transformer
2025-10-05 21:35:21.827 [main] INFO  com.zaxxer.hikari.HikariDataSource - HikariPool-1 - Starting...
2025-10-05 21:35:22.091 [main] INFO  com.zaxxer.hikari.pool.HikariPool - HikariPool-1 - Added connection com.mysql.cj.jdbc.ConnectionImpl@4cefa0be
2025-10-05 21:35:22.092 [main] INFO  com.zaxxer.hikari.HikariDataSource - HikariPool-1 - Start completed.
2025-10-05 21:35:22.144 [main] WARN  org.hibernate.orm.deprecation - HHH90000025: MySQLDialect does not need to be specified explicitly using 'hibernate.dialect' (remove the property setting and it will be selected by default)
2025-10-05 21:35:22.882 [main] INFO  o.h.e.t.jta.platform.internal.JtaPlatformInitiator - HHH000489: No JTA platform available (set 'hibernate.transaction.jta.platform' to enable JTA platform integration)
2025-10-05 21:35:22.884 [main] INFO  o.s.orm.jpa.LocalContainerEntityManagerFactoryBean - Initialized JPA EntityManagerFactory for persistence unit 'default'
2025-10-05 21:35:23.116 [main] INFO  o.s.data.jpa.repository.query.QueryEnhancerFactory - Hibernate is in classpath; If applicable, HQL parser will be used.
2025-10-05 21:35:23.417 [main] INFO  c.a.backend.service.impl.BlockchainServiceImpl - [BlockchainService] 初始化区块链连接
2025-10-05 21:35:23.418 [main] INFO  c.a.backend.service.impl.BlockchainServiceImpl - [BlockchainService] 区块链配置信息:
2025-10-05 21:35:23.418 [main] INFO  c.a.backend.service.impl.BlockchainServiceImpl -   MSP ID: Org1MSP
2025-10-05 21:35:23.418 [main] INFO  c.a.backend.service.impl.BlockchainServiceImpl -   Channel Name: mychannel
2025-10-05 21:35:23.418 [main] INFO  c.a.backend.service.impl.BlockchainServiceImpl -   Order Chaincode Name: ordersLedger
2025-10-05 21:35:23.418 [main] INFO  c.a.backend.service.impl.BlockchainServiceImpl -   Financial Chaincode Name: financialsLedger
2025-10-05 21:35:23.418 [main] INFO  c.a.backend.service.impl.BlockchainServiceImpl -   Peer Endpoint: 10.147.17.184:7051
2025-10-05 21:35:23.418 [main] INFO  c.a.backend.service.impl.BlockchainServiceImpl -   Peer Host Alias: peer0.org1.example.com
2025-10-05 21:35:29.904 [main] INFO  c.a.backend.service.impl.BlockchainServiceImpl - [BlockchainService] 区块链连接初始化成功
2025-10-05 21:35:29.994 [main] INFO  c.a.backend.service.PairingBasedCryptosystem - IBE系统参数初始化完成
2025-10-05 21:35:29.997 [main] INFO  com.autocrowd.backend.service.IbeService - IBE服务初始化完成
2025-10-05 21:35:30.193 [main] WARN  o.s.b.a.s.s.UserDetailsServiceAutoConfiguration - 

Using generated security password: 37593387-98c2-4f7b-ad0d-16e39878bfc2

This generated password is for development use only. Your security configuration must be updated before running your application in production.

2025-10-05 21:35:30.225 [main] INFO  o.s.s.c.a.a.c.InitializeUserDetailsBeanManagerConfigurer$InitializeUserDetailsManagerConfigurer - Global AuthenticationManager configured with UserDetailsService bean with name inMemoryUserDetailsManager
2025-10-05 21:35:31.680 [main] INFO  o.s.b.actuate.endpoint.web.EndpointLinksResolver - Exposing 1 endpoint beneath base path '/actuator'
2025-10-05 21:35:33.265 [main] INFO  org.apache.coyote.http11.Http11NioProtocol - Starting ProtocolHandler ["http-nio-8080"]
2025-10-05 21:35:33.283 [main] INFO  o.s.boot.web.embedded.tomcat.TomcatWebServer - Tomcat started on port 8080 (http) with context path '/'
2025-10-05 21:35:33.308 [main] INFO  com.autocrowd.backend.BackendApplication - Started BackendApplication in 14.332 seconds (process running for 15.118)
2025-10-05 21:35:33.764 [RMI TCP Connection(1)-192.168.3.86] INFO  o.a.c.core.ContainerBase.[Tomcat].[localhost].[/] - Initializing Spring DispatcherServlet 'dispatcherServlet'
2025-10-05 21:35:33.765 [RMI TCP Connection(1)-192.168.3.86] INFO  org.springframework.web.servlet.DispatcherServlet - Initializing Servlet 'dispatcherServlet'
2025-10-05 21:35:33.767 [RMI TCP Connection(1)-192.168.3.86] INFO  org.springframework.web.servlet.DispatcherServlet - Completed initialization in 2 ms
2025-10-05 21:36:23.166 [http-nio-8080-exec-1] INFO  com.autocrowd.backend.controller.DriverController - [DriverController] 车主登录接口 - 接收到登录请求: DriverLoginRequest(phone=test, password=test)
2025-10-05 21:36:23.167 [http-nio-8080-exec-1] INFO  c.autocrowd.backend.service.impl.DriverServiceImpl - [DriverService] 车主登录 - 手机号: test
2025-10-05 21:36:23.459 [http-nio-8080-exec-1] WARN  c.autocrowd.backend.service.impl.DriverServiceImpl - [DriverService] 车主登录失败 - 手机号不存在: test
2025-10-05 21:36:23.546 [http-nio-8080-exec-5] INFO  com.autocrowd.backend.controller.DriverController - [DriverController] 车主登录接口 - 接收到登录请求: DriverLoginRequest(phone=19900000001, password=Test_111)
2025-10-05 21:36:23.547 [http-nio-8080-exec-5] INFO  c.autocrowd.backend.service.impl.DriverServiceImpl - [DriverService] 车主登录 - 手机号: 19900000001
2025-10-05 21:36:23.669 [http-nio-8080-exec-5] INFO  c.autocrowd.backend.service.impl.DriverServiceImpl - [DriverService] 车主登录成功 - 司机ID: 506, 用户名: Test_111
2025-10-05 22:08:31.047 [http-nio-8080-exec-3] INFO  com.autocrowd.backend.controller.DriverController - [DriverController] 收到查询车主近七日营业额请求
2025-10-05 22:08:31.047 [http-nio-8080-exec-10] INFO  com.autocrowd.backend.controller.DriverController - [DriverController] 收到查询车主近六月营业额请求
2025-10-05 22:08:31.422 [http-nio-8080-exec-8] INFO  com.autocrowd.backend.controller.DriverController - [DriverController] 收到查询车主近六月营业额请求
2025-10-05 22:08:31.422 [http-nio-8080-exec-7] INFO  com.autocrowd.backend.controller.DriverController - [DriverController] 收到查询车主近七日营业额请求
2025-10-05 22:14:40.729 [http-nio-8080-exec-9] INFO  com.autocrowd.backend.controller.DriverController - [DriverController] 收到查询车主近七日营业额请求
2025-10-05 22:14:40.732 [http-nio-8080-exec-4] INFO  com.autocrowd.backend.controller.DriverController - [DriverController] 收到查询车主近六月营业额请求
2025-10-05 22:14:40.750 [http-nio-8080-exec-5] INFO  com.autocrowd.backend.controller.DriverController - [DriverController] 收到查询车主近七日营业额请求
2025-10-05 22:14:40.770 [http-nio-8080-exec-3] INFO  com.autocrowd.backend.controller.DriverController - [DriverController] 收到查询车主近六月营业额请求
2025-10-05 22:17:19.032 [http-nio-8080-exec-6] INFO  com.autocrowd.backend.controller.DriverController - [DriverController] 收到查询车主近六月营业额请求
2025-10-05 22:17:19.032 [http-nio-8080-exec-10] INFO  com.autocrowd.backend.controller.DriverController - [DriverController] 收到查询车主近七日营业额请求
2025-10-05 22:17:19.370 [http-nio-8080-exec-9] INFO  com.autocrowd.backend.controller.DriverController - [DriverController] 收到查询车主近七日营业额请求
2025-10-05 22:17:19.414 [http-nio-8080-exec-1] INFO  com.autocrowd.backend.controller.DriverController - [DriverController] 收到查询车主近六月营业额请求
2025-10-05 22:21:35.989 [http-nio-8080-exec-2] INFO  com.autocrowd.backend.controller.DriverController - [DriverController] 收到查询车主近七日营业额请求
2025-10-05 22:21:35.989 [http-nio-8080-exec-5] INFO  com.autocrowd.backend.controller.DriverController - [DriverController] 收到查询车主近六月营业额请求
2025-10-05 22:21:36.013 [http-nio-8080-exec-7] INFO  com.autocrowd.backend.controller.DriverController - [DriverController] 收到查询车主近七日营业额请求
2025-10-05 22:21:36.035 [http-nio-8080-exec-10] INFO  com.autocrowd.backend.controller.DriverController - [DriverController] 收到查询车主近六月营业额请求
2025-10-05 22:22:14.420 [http-nio-8080-exec-6] ERROR o.a.c.c.C.[.[localhost].[/].[dispatcherServlet] - Servlet.service() for servlet [dispatcherServlet] in context with path [] threw exception
com.autocrowd.backend.exception.BusinessException: 无效的令牌
	at com.autocrowd.backend.util.JwtFilter.doFilter(JwtFilter.java:62)
	at org.apache.catalina.core.ApplicationFilterChain.internalDoFilter(ApplicationFilterChain.java:164)
	at org.apache.catalina.core.ApplicationFilterChain.doFilter(ApplicationFilterChain.java:140)
	at org.springframework.web.filter.CompositeFilter$VirtualFilterChain.doFilter(CompositeFilter.java:108)
	at org.springframework.security.web.FilterChainProxy.lambda$doFilterInternal$3(FilterChainProxy.java:231)
	at org.springframework.security.web.ObservationFilterChainDecorator$FilterObservation$SimpleFilterObservation.lambda$wrap$1(ObservationFilterChainDecorator.java:479)
	at org.springframework.security.web.ObservationFilterChainDecorator$AroundFilterObservation$SimpleAroundFilterObservation.lambda$wrap$1(ObservationFilterChainDecorator.java:340)
	at org.springframework.security.web.ObservationFilterChainDecorator.lambda$wrapSecured$0(ObservationFilterChainDecorator.java:82)
	at org.springframework.security.web.ObservationFilterChainDecorator$VirtualFilterChain.doFilter(ObservationFilterChainDecorator.java:128)
	at org.springframework.security.web.access.intercept.AuthorizationFilter.doFilter(AuthorizationFilter.java:100)
	at org.springframework.security.web.ObservationFilterChainDecorator$ObservationFilter.wrapFilter(ObservationFilterChainDecorator.java:240)
	at org.springframework.security.web.ObservationFilterChainDecorator$ObservationFilter.doFilter(ObservationFilterChainDecorator.java:227)
	at org.springframework.security.web.ObservationFilterChainDecorator$VirtualFilterChain.doFilter(ObservationFilterChainDecorator.java:137)
	at org.springframework.security.web.access.ExceptionTranslationFilter.doFilter(ExceptionTranslationFilter.java:126)
	at org.springframework.security.web.access.ExceptionTranslationFilter.doFilter(ExceptionTranslationFilter.java:120)
	at org.springframework.security.web.ObservationFilterChainDecorator$ObservationFilter.wrapFilter(ObservationFilterChainDecorator.java:240)
	at org.springframework.security.web.ObservationFilterChainDecorator$ObservationFilter.doFilter(ObservationFilterChainDecorator.java:227)
	at org.springframework.security.web.ObservationFilterChainDecorator$VirtualFilterChain.doFilter(ObservationFilterChainDecorator.java:137)
	at org.springframework.security.web.session.SessionManagementFilter.doFilter(SessionManagementFilter.java:131)
	at org.springframework.security.web.session.SessionManagementFilter.doFilter(SessionManagementFilter.java:85)
	at org.springframework.security.web.ObservationFilterChainDecorator$ObservationFilter.wrapFilter(ObservationFilterChainDecorator.java:240)
	at org.springframework.security.web.ObservationFilterChainDecorator$ObservationFilter.doFilter(ObservationFilterChainDecorator.java:227)
	at org.springframework.security.web.ObservationFilterChainDecorator$VirtualFilterChain.doFilter(ObservationFilterChainDecorator.java:137)
	at org.springframework.security.web.authentication.AnonymousAuthenticationFilter.doFilter(AnonymousAuthenticationFilter.java:100)
	at org.springframework.security.web.ObservationFilterChainDecorator$ObservationFilter.wrapFilter(ObservationFilterChainDecorator.java:240)
	at org.springframework.security.web.ObservationFilterChainDecorator$ObservationFilter.doFilter(ObservationFilterChainDecorator.java:227)
	at org.springframework.security.web.ObservationFilterChainDecorator$VirtualFilterChain.doFilter(ObservationFilterChainDecorator.java:137)
	at org.springframework.security.web.servletapi.SecurityContextHolderAwareRequestFilter.doFilter(SecurityContextHolderAwareRequestFilter.java:179)
	at org.springframework.security.web.ObservationFilterChainDecorator$ObservationFilter.wrapFilter(ObservationFilterChainDecorator.java:240)
	at org.springframework.security.web.ObservationFilterChainDecorator$ObservationFilter.doFilter(ObservationFilterChainDecorator.java:227)
	at org.springframework.security.web.ObservationFilterChainDecorator$VirtualFilterChain.doFilter(ObservationFilterChainDecorator.java:137)
	at org.springframework.security.web.savedrequest.RequestCacheAwareFilter.doFilter(RequestCacheAwareFilter.java:63)
	at org.springframework.security.web.ObservationFilterChainDecorator$ObservationFilter.wrapFilter(ObservationFilterChainDecorator.java:240)
	at org.springframework.security.web.ObservationFilterChainDecorator$ObservationFilter.doFilter(ObservationFilterChainDecorator.java:227)
	at org.springframework.security.web.ObservationFilterChainDecorator$VirtualFilterChain.doFilter(ObservationFilterChainDecorator.java:137)
	at org.springframework.security.web.authentication.logout.LogoutFilter.doFilter(LogoutFilter.java:107)
	at org.springframework.security.web.authentication.logout.LogoutFilter.doFilter(LogoutFilter.java:93)
	at org.springframework.security.web.ObservationFilterChainDecorator$ObservationFilter.wrapFilter(ObservationFilterChainDecorator.java:240)
	at org.springframework.security.web.ObservationFilterChainDecorator$ObservationFilter.doFilter(ObservationFilterChainDecorator.java:227)
	at org.springframework.security.web.ObservationFilterChainDecorator$VirtualFilterChain.doFilter(ObservationFilterChainDecorator.java:137)
	at org.springframework.web.filter.CorsFilter.doFilterInternal(CorsFilter.java:91)
	at org.springframework.web.filter.OncePerRequestFilter.doFilter(OncePerRequestFilter.java:116)
	at org.springframework.security.web.ObservationFilterChainDecorator$ObservationFilter.wrapFilter(ObservationFilterChainDecorator.java:240)
	at org.springframework.security.web.ObservationFilterChainDecorator$ObservationFilter.doFilter(ObservationFilterChainDecorator.java:227)
	at org.springframework.security.web.ObservationFilterChainDecorator$VirtualFilterChain.doFilter(ObservationFilterChainDecorator.java:137)
	at org.springframework.security.web.header.HeaderWriterFilter.doHeadersAfter(HeaderWriterFilter.java:90)
	at org.springframework.security.web.header.HeaderWriterFilter.doFilterInternal(HeaderWriterFilter.java:75)
	at org.springframework.web.filter.OncePerRequestFilter.doFilter(OncePerRequestFilter.java:116)
	at org.springframework.security.web.ObservationFilterChainDecorator$ObservationFilter.wrapFilter(ObservationFilterChainDecorator.java:240)
	at org.springframework.security.web.ObservationFilterChainDecorator$ObservationFilter.doFilter(ObservationFilterChainDecorator.java:227)
	at org.springframework.security.web.ObservationFilterChainDecorator$VirtualFilterChain.doFilter(ObservationFilterChainDecorator.java:137)
	at org.springframework.security.web.context.SecurityContextHolderFilter.doFilter(SecurityContextHolderFilter.java:82)
	at org.springframework.security.web.context.SecurityContextHolderFilter.doFilter(SecurityContextHolderFilter.java:69)
	at org.springframework.security.web.ObservationFilterChainDecorator$ObservationFilter.wrapFilter(ObservationFilterChainDecorator.java:240)
	at org.springframework.security.web.ObservationFilterChainDecorator$ObservationFilter.doFilter(ObservationFilterChainDecorator.java:227)
	at org.springframework.security.web.ObservationFilterChainDecorator$VirtualFilterChain.doFilter(ObservationFilterChainDecorator.java:137)
	at org.springframework.security.web.context.request.async.WebAsyncManagerIntegrationFilter.doFilterInternal(WebAsyncManagerIntegrationFilter.java:62)
	at org.springframework.web.filter.OncePerRequestFilter.doFilter(OncePerRequestFilter.java:116)
	at org.springframework.security.web.ObservationFilterChainDecorator$ObservationFilter.wrapFilter(ObservationFilterChainDecorator.java:240)
	at org.springframework.security.web.ObservationFilterChainDecorator$ObservationFilter.doFilter(ObservationFilterChainDecorator.java:227)
	at org.springframework.security.web.ObservationFilterChainDecorator$VirtualFilterChain.doFilter(ObservationFilterChainDecorator.java:137)
	at org.springframework.security.web.session.DisableEncodeUrlFilter.doFilterInternal(DisableEncodeUrlFilter.java:42)
	at org.springframework.web.filter.OncePerRequestFilter.doFilter(OncePerRequestFilter.java:116)
	at org.springframework.security.web.ObservationFilterChainDecorator$ObservationFilter.wrapFilter(ObservationFilterChainDecorator.java:240)
	at org.springframework.security.web.ObservationFilterChainDecorator$AroundFilterObservation$SimpleAroundFilterObservation.lambda$wrap$0(ObservationFilterChainDecorator.java:323)
	at org.springframework.security.web.ObservationFilterChainDecorator$ObservationFilter.doFilter(ObservationFilterChainDecorator.java:224)
	at org.springframework.security.web.ObservationFilterChainDecorator$VirtualFilterChain.doFilter(ObservationFilterChainDecorator.java:137)
	at org.springframework.security.web.FilterChainProxy.doFilterInternal(FilterChainProxy.java:233)
	at org.springframework.security.web.FilterChainProxy.doFilter(FilterChainProxy.java:191)
	at org.springframework.web.filter.CompositeFilter$VirtualFilterChain.doFilter(CompositeFilter.java:113)
	at org.springframework.web.servlet.handler.HandlerMappingIntrospector.lambda$createCacheFilter$3(HandlerMappingIntrospector.java:195)
	at org.springframework.web.filter.CompositeFilter$VirtualFilterChain.doFilter(CompositeFilter.java:113)
	at org.springframework.web.filter.CompositeFilter.doFilter(CompositeFilter.java:74)
	at org.springframework.security.config.annotation.web.configuration.WebMvcSecurityConfiguration$CompositeFilterChainProxy.doFilter(WebMvcSecurityConfiguration.java:230)
	at org.springframework.web.filter.DelegatingFilterProxy.invokeDelegate(DelegatingFilterProxy.java:352)
	at org.springframework.web.filter.DelegatingFilterProxy.doFilter(DelegatingFilterProxy.java:268)
	at org.apache.catalina.core.ApplicationFilterChain.internalDoFilter(ApplicationFilterChain.java:164)
	at org.apache.catalina.core.ApplicationFilterChain.doFilter(ApplicationFilterChain.java:140)
	at org.springframework.web.filter.RequestContextFilter.doFilterInternal(RequestContextFilter.java:100)
	at org.springframework.web.filter.OncePerRequestFilter.doFilter(OncePerRequestFilter.java:116)
	at org.apache.catalina.core.ApplicationFilterChain.internalDoFilter(ApplicationFilterChain.java:164)
	at org.apache.catalina.core.ApplicationFilterChain.doFilter(ApplicationFilterChain.java:140)
	at org.springframework.web.filter.FormContentFilter.doFilterInternal(FormContentFilter.java:93)
	at org.springframework.web.filter.OncePerRequestFilter.doFilter(OncePerRequestFilter.java:116)
	at org.apache.catalina.core.ApplicationFilterChain.internalDoFilter(ApplicationFilterChain.java:164)
	at org.apache.catalina.core.ApplicationFilterChain.doFilter(ApplicationFilterChain.java:140)
	at org.springframework.web.filter.ServerHttpObservationFilter.doFilterInternal(ServerHttpObservationFilter.java:113)
	at org.springframework.web.filter.OncePerRequestFilter.doFilter(OncePerRequestFilter.java:116)
	at org.apache.catalina.core.ApplicationFilterChain.internalDoFilter(ApplicationFilterChain.java:164)
	at org.apache.catalina.core.ApplicationFilterChain.doFilter(ApplicationFilterChain.java:140)
	at org.springframework.web.filter.CharacterEncodingFilter.doFilterInternal(CharacterEncodingFilter.java:201)
	at org.springframework.web.filter.OncePerRequestFilter.doFilter(OncePerRequestFilter.java:116)
	at org.apache.catalina.core.ApplicationFilterChain.internalDoFilter(ApplicationFilterChain.java:164)
	at org.apache.catalina.core.ApplicationFilterChain.doFilter(ApplicationFilterChain.java:140)
	at org.apache.catalina.core.StandardWrapperValve.invoke(StandardWrapperValve.java:167)
	at org.apache.catalina.core.StandardContextValve.invoke(StandardContextValve.java:90)
	at org.apache.catalina.authenticator.AuthenticatorBase.invoke(AuthenticatorBase.java:483)
	at org.apache.catalina.core.StandardHostValve.invoke(StandardHostValve.java:115)
	at org.apache.catalina.valves.ErrorReportValve.invoke(ErrorReportValve.java:93)
	at org.apache.catalina.core.StandardEngineValve.invoke(StandardEngineValve.java:74)
	at org.apache.catalina.connector.CoyoteAdapter.service(CoyoteAdapter.java:344)
	at org.apache.coyote.http11.Http11Processor.service(Http11Processor.java:389)
	at org.apache.coyote.AbstractProcessorLight.process(AbstractProcessorLight.java:63)
	at org.apache.coyote.AbstractProtocol$ConnectionHandler.process(AbstractProtocol.java:904)
	at org.apache.tomcat.util.net.NioEndpoint$SocketProcessor.doRun(NioEndpoint.java:1741)
	at org.apache.tomcat.util.net.SocketProcessorBase.run(SocketProcessorBase.java:52)
	at org.apache.tomcat.util.threads.ThreadPoolExecutor.runWorker(ThreadPoolExecutor.java:1190)
	at org.apache.tomcat.util.threads.ThreadPoolExecutor$Worker.run(ThreadPoolExecutor.java:659)
	at org.apache.tomcat.util.threads.TaskThread$WrappingRunnable.run(TaskThread.java:63)
	at java.base/java.lang.Thread.run(Thread.java:833)
2025-10-05 22:22:20.095 [http-nio-8080-exec-1] INFO  com.autocrowd.backend.controller.DriverController - [DriverController] 车主登录接口 - 接收到登录请求: DriverLoginRequest(phone=19900000002, password=Test_222)
2025-10-05 22:22:20.095 [http-nio-8080-exec-1] INFO  c.autocrowd.backend.service.impl.DriverServiceImpl - [DriverService] 车主登录 - 手机号: 19900000002
2025-10-05 22:22:20.212 [http-nio-8080-exec-1] INFO  c.autocrowd.backend.service.impl.DriverServiceImpl - [DriverService] 车主登录成功 - 司机ID: 507, 用户名: Test_222
2025-10-05 22:40:46.371 [http-nio-8080-exec-7] INFO  com.autocrowd.backend.controller.DriverController - [DriverController] 收到查询车主近六月营业额请求
2025-10-05 22:40:46.371 [http-nio-8080-exec-3] INFO  com.autocrowd.backend.controller.DriverController - [DriverController] 收到查询车主近七日营业额请求
2025-10-05 22:40:46.699 [http-nio-8080-exec-8] INFO  com.autocrowd.backend.controller.DriverController - [DriverController] 收到查询车主近七日营业额请求
2025-10-05 22:40:46.712 [http-nio-8080-exec-6] INFO  com.autocrowd.backend.controller.DriverController - [DriverController] 收到查询车主近六月营业额请求
2025-10-05 22:41:15.859 [http-nio-8080-exec-9] INFO  com.autocrowd.backend.controller.DriverController - [DriverController] 收到查询车主近七日营业额请求
2025-10-05 22:41:15.859 [http-nio-8080-exec-1] INFO  com.autocrowd.backend.controller.DriverController - [DriverController] 收到查询车主近六月营业额请求
2025-10-05 22:41:16.173 [http-nio-8080-exec-5] INFO  com.autocrowd.backend.controller.DriverController - [DriverController] 收到查询车主近六月营业额请求
2025-10-05 22:41:16.173 [http-nio-8080-exec-3] INFO  com.autocrowd.backend.controller.DriverController - [DriverController] 收到查询车主近七日营业额请求
2025-10-05 22:42:52.564 [http-nio-8080-exec-10] INFO  com.autocrowd.backend.controller.DriverController - [DriverController] 收到查询车主近六月营业额请求
2025-10-05 22:42:52.564 [http-nio-8080-exec-7] INFO  com.autocrowd.backend.controller.DriverController - [DriverController] 收到查询车主近七日营业额请求
2025-10-05 22:42:52.875 [http-nio-8080-exec-6] INFO  com.autocrowd.backend.controller.DriverController - [DriverController] 收到查询车主近七日营业额请求
2025-10-05 22:42:52.896 [http-nio-8080-exec-4] INFO  com.autocrowd.backend.controller.DriverController - [DriverController] 收到查询车主近六月营业额请求
2025-10-05 22:44:54.155 [http-nio-8080-exec-2] INFO  com.autocrowd.backend.controller.DriverController - [DriverController] 收到查询车主近六月营业额请求
2025-10-05 22:44:54.155 [http-nio-8080-exec-1] INFO  com.autocrowd.backend.controller.DriverController - [DriverController] 收到查询车主近七日营业额请求
2025-10-05 22:44:54.474 [http-nio-8080-exec-5] INFO  com.autocrowd.backend.controller.DriverController - [DriverController] 收到查询车主近七日营业额请求
2025-10-05 22:44:54.488 [http-nio-8080-exec-7] INFO  com.autocrowd.backend.controller.DriverController - [DriverController] 收到查询车主近六月营业额请求
2025-10-05 22:57:12.985 [http-nio-8080-exec-9] INFO  com.autocrowd.backend.controller.DriverController - [DriverController] 收到查询车主近七日营业额请求
2025-10-05 22:57:12.985 [http-nio-8080-exec-1] INFO  com.autocrowd.backend.controller.DriverController - [DriverController] 收到查询车主近六月营业额请求
2025-10-05 22:57:13.012 [http-nio-8080-exec-3] INFO  com.autocrowd.backend.controller.DriverController - [DriverController] 收到查询车主近七日营业额请求
2025-10-05 22:57:13.021 [http-nio-8080-exec-7] INFO  com.autocrowd.backend.controller.DriverController - [DriverController] 收到查询车主近六月营业额请求
2025-10-05 23:03:33.788 [http-nio-8080-exec-10] INFO  com.autocrowd.backend.controller.DriverController - [DriverController] 收到查询车主近七日营业额请求
2025-10-05 23:03:33.788 [http-nio-8080-exec-8] INFO  com.autocrowd.backend.controller.DriverController - [DriverController] 收到查询车主近六月营业额请求
2025-10-05 23:03:33.808 [http-nio-8080-exec-9] INFO  com.autocrowd.backend.controller.DriverController - [DriverController] 收到查询车主近七日营业额请求
2025-10-05 23:03:34.120 [http-nio-8080-exec-3] INFO  com.autocrowd.backend.controller.DriverController - [DriverController] 收到查询车主近六月营业额请求
2025-10-05 23:08:02.437 [http-nio-8080-exec-7] INFO  com.autocrowd.backend.controller.DriverController - [DriverController] 收到查询车主近六月营业额请求
2025-10-05 23:08:02.437 [http-nio-8080-exec-5] INFO  com.autocrowd.backend.controller.DriverController - [DriverController] 收到查询车主近七日营业额请求
2025-10-05 23:08:02.753 [http-nio-8080-exec-4] INFO  com.autocrowd.backend.controller.DriverController - [DriverController] 收到查询车主近七日营业额请求
2025-10-05 23:08:02.766 [http-nio-8080-exec-8] INFO  com.autocrowd.backend.controller.DriverController - [DriverController] 收到查询车主近六月营业额请求
2025-10-05 23:17:38.372 [http-nio-8080-exec-1] INFO  com.autocrowd.backend.controller.DriverController - [DriverController] 收到查询车主近七日营业额请求
2025-10-05 23:17:38.373 [http-nio-8080-exec-3] INFO  com.autocrowd.backend.controller.DriverController - [DriverController] 收到查询车主近六月营业额请求
2025-10-05 23:17:38.700 [http-nio-8080-exec-10] INFO  com.autocrowd.backend.controller.DriverController - [DriverController] 收到查询车主近七日营业额请求
2025-10-05 23:17:38.715 [http-nio-8080-exec-4] INFO  com.autocrowd.backend.controller.DriverController - [DriverController] 收到查询车主近六月营业额请求
2025-10-05 23:17:45.276 [http-nio-8080-exec-2] INFO  com.autocrowd.backend.controller.DriverController - [DriverController] 收到查询车主近七日营业额请求
2025-10-05 23:17:45.276 [http-nio-8080-exec-9] INFO  com.autocrowd.backend.controller.DriverController - [DriverController] 收到查询车主近六月营业额请求
2025-10-05 23:17:45.597 [http-nio-8080-exec-5] INFO  com.autocrowd.backend.controller.DriverController - [DriverController] 收到查询车主近七日营业额请求
2025-10-05 23:17:45.606 [http-nio-8080-exec-10] INFO  com.autocrowd.backend.controller.DriverController - [DriverController] 收到查询车主近六月营业额请求
2025-10-05 23:17:56.965 [http-nio-8080-exec-8] INFO  com.autocrowd.backend.controller.DriverController - [DriverController] 收到查询车主近七日营业额请求
2025-10-05 23:17:56.968 [http-nio-8080-exec-6] INFO  com.autocrowd.backend.controller.DriverController - [DriverController] 收到查询车主近六月营业额请求
2025-10-05 23:17:56.990 [http-nio-8080-exec-1] INFO  com.autocrowd.backend.controller.DriverController - [DriverController] 收到查询车主近七日营业额请求
2025-10-05 23:17:57.317 [http-nio-8080-exec-10] INFO  com.autocrowd.backend.controller.DriverController - [DriverController] 收到查询车主近六月营业额请求
2025-10-05 23:20:10.415 [http-nio-8080-exec-7] INFO  com.autocrowd.backend.controller.DriverController - [DriverController] 收到查询车主近七日营业额请求
2025-10-05 23:20:10.417 [http-nio-8080-exec-4] INFO  com.autocrowd.backend.controller.DriverController - [DriverController] 收到查询车主近六月营业额请求
2025-10-05 23:20:10.732 [http-nio-8080-exec-9] INFO  com.autocrowd.backend.controller.DriverController - [DriverController] 收到查询车主近七日营业额请求
2025-10-05 23:20:10.744 [http-nio-8080-exec-6] INFO  com.autocrowd.backend.controller.DriverController - [DriverController] 收到查询车主近六月营业额请求
2025-10-05 23:20:15.392 [http-nio-8080-exec-5] INFO  com.autocrowd.backend.controller.DriverController - [DriverController] 收到查询车主近七日营业额请求
2025-10-05 23:20:15.393 [http-nio-8080-exec-10] INFO  com.autocrowd.backend.controller.DriverController - [DriverController] 收到查询车主近六月营业额请求
2025-10-05 23:20:15.717 [http-nio-8080-exec-2] INFO  com.autocrowd.backend.controller.DriverController - [DriverController] 收到查询车主近七日营业额请求
2025-10-05 23:20:15.717 [http-nio-8080-exec-9] INFO  com.autocrowd.backend.controller.DriverController - [DriverController] 收到查询车主近六月营业额请求
2025-10-05 23:20:31.347 [http-nio-8080-exec-6] INFO  com.autocrowd.backend.controller.DriverController - [DriverController] 收到查询车主近六月营业额请求
2025-10-05 23:20:31.347 [http-nio-8080-exec-3] INFO  com.autocrowd.backend.controller.DriverController - [DriverController] 收到查询车主近七日营业额请求
2025-10-05 23:20:31.659 [http-nio-8080-exec-8] INFO  com.autocrowd.backend.controller.DriverController - [DriverController] 收到查询车主近七日营业额请求
2025-10-05 23:20:31.671 [http-nio-8080-exec-10] INFO  com.autocrowd.backend.controller.DriverController - [DriverController] 收到查询车主近六月营业额请求
2025-10-05 23:20:35.350 [http-nio-8080-exec-9] INFO  com.autocrowd.backend.controller.DriverController - [DriverController] 收到查询车主近六月营业额请求
2025-10-05 23:20:35.350 [http-nio-8080-exec-1] INFO  com.autocrowd.backend.controller.DriverController - [DriverController] 收到查询车主近七日营业额请求
2025-10-05 23:20:35.661 [http-nio-8080-exec-7] INFO  com.autocrowd.backend.controller.DriverController - [DriverController] 收到查询车主近七日营业额请求
2025-10-05 23:20:35.670 [http-nio-8080-exec-8] INFO  com.autocrowd.backend.controller.DriverController - [DriverController] 收到查询车主近六月营业额请求
2025-10-05 23:20:40.323 [http-nio-8080-exec-1] INFO  com.autocrowd.backend.controller.DriverController - [DriverController] 收到查询车主近七日营业额请求
2025-10-05 23:20:40.323 [http-nio-8080-exec-9] INFO  com.autocrowd.backend.controller.DriverController - [DriverController] 收到查询车主近六月营业额请求
2025-10-05 23:20:40.642 [http-nio-8080-exec-7] INFO  com.autocrowd.backend.controller.DriverController - [DriverController] 收到查询车主近七日营业额请求
2025-10-05 23:20:40.654 [http-nio-8080-exec-8] INFO  com.autocrowd.backend.controller.DriverController - [DriverController] 收到查询车主近六月营业额请求
2025-10-05 23:30:34.914 [http-nio-8080-exec-1] INFO  com.autocrowd.backend.controller.DriverController - [DriverController] 收到查询车主近七日营业额请求
2025-10-05 23:30:34.966 [http-nio-8080-exec-9] INFO  com.autocrowd.backend.controller.DriverController - [DriverController] 收到查询车主近六月营业额请求
2025-10-05 23:30:35.242 [http-nio-8080-exec-6] INFO  com.autocrowd.backend.controller.DriverController - [DriverController] 收到查询车主近七日营业额请求
2025-10-05 23:30:35.288 [http-nio-8080-exec-8] INFO  com.autocrowd.backend.controller.DriverController - [DriverController] 收到查询车主近六月营业额请求
2025-10-05 23:30:38.319 [http-nio-8080-exec-1] INFO  com.autocrowd.backend.controller.DriverController - [DriverController] 收到查询车主近七日营业额请求
2025-10-05 23:30:38.320 [http-nio-8080-exec-9] INFO  com.autocrowd.backend.controller.DriverController - [DriverController] 收到查询车主近六月营业额请求
2025-10-05 23:30:38.633 [http-nio-8080-exec-7] INFO  com.autocrowd.backend.controller.DriverController - [DriverController] 收到查询车主近七日营业额请求
2025-10-05 23:30:38.644 [http-nio-8080-exec-8] INFO  com.autocrowd.backend.controller.DriverController - [DriverController] 收到查询车主近六月营业额请求
2025-10-05 23:32:38.409 [http-nio-8080-exec-1] INFO  com.autocrowd.backend.controller.DriverController - [DriverController] 收到查询车主近七日营业额请求
2025-10-05 23:32:38.409 [http-nio-8080-exec-9] INFO  com.autocrowd.backend.controller.DriverController - [DriverController] 收到查询车主近六月营业额请求
2025-10-05 23:32:38.729 [http-nio-8080-exec-6] INFO  com.autocrowd.backend.controller.DriverController - [DriverController] 收到查询车主近七日营业额请求
2025-10-05 23:32:38.740 [http-nio-8080-exec-8] INFO  com.autocrowd.backend.controller.DriverController - [DriverController] 收到查询车主近六月营业额请求
2025-10-05 23:32:44.228 [http-nio-8080-exec-9] INFO  com.autocrowd.backend.controller.DriverController - [DriverController] 收到查询车主近六月营业额请求
2025-10-05 23:32:44.228 [http-nio-8080-exec-1] INFO  com.autocrowd.backend.controller.DriverController - [DriverController] 收到查询车主近七日营业额请求
2025-10-05 23:32:44.547 [http-nio-8080-exec-7] INFO  com.autocrowd.backend.controller.DriverController - [DriverController] 收到查询车主近七日营业额请求
2025-10-05 23:32:44.547 [http-nio-8080-exec-8] INFO  com.autocrowd.backend.controller.DriverController - [DriverController] 收到查询车主近六月营业额请求
2025-10-05 23:32:49.210 [http-nio-8080-exec-1] INFO  com.autocrowd.backend.controller.DriverController - [DriverController] 收到查询车主近七日营业额请求
2025-10-05 23:32:49.210 [http-nio-8080-exec-9] INFO  com.autocrowd.backend.controller.DriverController - [DriverController] 收到查询车主近六月营业额请求
2025-10-05 23:32:49.531 [http-nio-8080-exec-8] INFO  com.autocrowd.backend.controller.DriverController - [DriverController] 收到查询车主近六月营业额请求
2025-10-05 23:32:49.531 [http-nio-8080-exec-7] INFO  com.autocrowd.backend.controller.DriverController - [DriverController] 收到查询车主近七日营业额请求
2025-10-05 23:32:54.284 [http-nio-8080-exec-1] INFO  com.autocrowd.backend.controller.DriverController - [DriverController] 收到查询车主近七日营业额请求
2025-10-05 23:32:54.284 [http-nio-8080-exec-9] INFO  com.autocrowd.backend.controller.DriverController - [DriverController] 收到查询车主近六月营业额请求
2025-10-05 23:32:54.599 [http-nio-8080-exec-3] INFO  com.autocrowd.backend.controller.DriverController - [DriverController] 收到查询车主近七日营业额请求
2025-10-05 23:32:54.601 [http-nio-8080-exec-8] INFO  com.autocrowd.backend.controller.DriverController - [DriverController] 收到查询车主近六月营业额请求
2025-10-05 23:33:33.274 [http-nio-8080-exec-1] INFO  com.autocrowd.backend.controller.DriverController - [DriverController] 收到查询车主近七日营业额请求
2025-10-05 23:33:33.274 [http-nio-8080-exec-9] INFO  com.autocrowd.backend.controller.DriverController - [DriverController] 收到查询车主近六月营业额请求
2025-10-05 23:33:33.617 [http-nio-8080-exec-3] INFO  com.autocrowd.backend.controller.DriverController - [DriverController] 收到查询车主近七日营业额请求
2025-10-05 23:33:33.617 [http-nio-8080-exec-8] INFO  com.autocrowd.backend.controller.DriverController - [DriverController] 收到查询车主近六月营业额请求
2025-10-05 23:34:35.112 [http-nio-8080-exec-1] INFO  com.autocrowd.backend.controller.DriverController - [DriverController] 收到查询车主近七日营业额请求
2025-10-05 23:34:35.202 [http-nio-8080-exec-9] INFO  com.autocrowd.backend.controller.DriverController - [DriverController] 收到查询车主近六月营业额请求
2025-10-05 23:34:35.420 [http-nio-8080-exec-3] INFO  com.autocrowd.backend.controller.DriverController - [DriverController] 收到查询车主近七日营业额请求
2025-10-05 23:34:35.523 [http-nio-8080-exec-8] INFO  com.autocrowd.backend.controller.DriverController - [DriverController] 收到查询车主近六月营业额请求
2025-10-05 23:36:47.414 [http-nio-8080-exec-9] INFO  com.autocrowd.backend.controller.DriverController - [DriverController] 车主登录接口 - 接收到登录请求: DriverLoginRequest(phone=19900000002, password=Test_222)
2025-10-05 23:36:47.414 [http-nio-8080-exec-9] INFO  c.autocrowd.backend.service.impl.DriverServiceImpl - [DriverService] 车主登录 - 手机号: 19900000002
2025-10-05 23:36:47.500 [http-nio-8080-exec-9] INFO  c.autocrowd.backend.service.impl.DriverServiceImpl - [DriverService] 车主登录成功 - 司机ID: 507, 用户名: Test_222
2025-10-05 23:48:32.648 [http-nio-8080-exec-6] ERROR o.a.c.c.C.[.[localhost].[/].[dispatcherServlet] - Servlet.service() for servlet [dispatcherServlet] in context with path [] threw exception
com.autocrowd.backend.exception.BusinessException: 无效的令牌
	at com.autocrowd.backend.util.JwtFilter.doFilter(JwtFilter.java:62)
	at org.apache.catalina.core.ApplicationFilterChain.internalDoFilter(ApplicationFilterChain.java:164)
	at org.apache.catalina.core.ApplicationFilterChain.doFilter(ApplicationFilterChain.java:140)
	at org.springframework.web.filter.CompositeFilter$VirtualFilterChain.doFilter(CompositeFilter.java:108)
	at org.springframework.security.web.FilterChainProxy.lambda$doFilterInternal$3(FilterChainProxy.java:231)
	at org.springframework.security.web.ObservationFilterChainDecorator$FilterObservation$SimpleFilterObservation.lambda$wrap$1(ObservationFilterChainDecorator.java:479)
	at org.springframework.security.web.ObservationFilterChainDecorator$AroundFilterObservation$SimpleAroundFilterObservation.lambda$wrap$1(ObservationFilterChainDecorator.java:340)
	at org.springframework.security.web.ObservationFilterChainDecorator.lambda$wrapSecured$0(ObservationFilterChainDecorator.java:82)
	at org.springframework.security.web.ObservationFilterChainDecorator$VirtualFilterChain.doFilter(ObservationFilterChainDecorator.java:128)
	at org.springframework.security.web.access.intercept.AuthorizationFilter.doFilter(AuthorizationFilter.java:100)
	at org.springframework.security.web.ObservationFilterChainDecorator$ObservationFilter.wrapFilter(ObservationFilterChainDecorator.java:240)
	at org.springframework.security.web.ObservationFilterChainDecorator$ObservationFilter.doFilter(ObservationFilterChainDecorator.java:227)
	at org.springframework.security.web.ObservationFilterChainDecorator$VirtualFilterChain.doFilter(ObservationFilterChainDecorator.java:137)
	at org.springframework.security.web.access.ExceptionTranslationFilter.doFilter(ExceptionTranslationFilter.java:126)
	at org.springframework.security.web.access.ExceptionTranslationFilter.doFilter(ExceptionTranslationFilter.java:120)
	at org.springframework.security.web.ObservationFilterChainDecorator$ObservationFilter.wrapFilter(ObservationFilterChainDecorator.java:240)
	at org.springframework.security.web.ObservationFilterChainDecorator$ObservationFilter.doFilter(ObservationFilterChainDecorator.java:227)
	at org.springframework.security.web.ObservationFilterChainDecorator$VirtualFilterChain.doFilter(ObservationFilterChainDecorator.java:137)
	at org.springframework.security.web.session.SessionManagementFilter.doFilter(SessionManagementFilter.java:131)
	at org.springframework.security.web.session.SessionManagementFilter.doFilter(SessionManagementFilter.java:85)
	at org.springframework.security.web.ObservationFilterChainDecorator$ObservationFilter.wrapFilter(ObservationFilterChainDecorator.java:240)
	at org.springframework.security.web.ObservationFilterChainDecorator$ObservationFilter.doFilter(ObservationFilterChainDecorator.java:227)
	at org.springframework.security.web.ObservationFilterChainDecorator$VirtualFilterChain.doFilter(ObservationFilterChainDecorator.java:137)
	at org.springframework.security.web.authentication.AnonymousAuthenticationFilter.doFilter(AnonymousAuthenticationFilter.java:100)
	at org.springframework.security.web.ObservationFilterChainDecorator$ObservationFilter.wrapFilter(ObservationFilterChainDecorator.java:240)
	at org.springframework.security.web.ObservationFilterChainDecorator$ObservationFilter.doFilter(ObservationFilterChainDecorator.java:227)
	at org.springframework.security.web.ObservationFilterChainDecorator$VirtualFilterChain.doFilter(ObservationFilterChainDecorator.java:137)
	at org.springframework.security.web.servletapi.SecurityContextHolderAwareRequestFilter.doFilter(SecurityContextHolderAwareRequestFilter.java:179)
	at org.springframework.security.web.ObservationFilterChainDecorator$ObservationFilter.wrapFilter(ObservationFilterChainDecorator.java:240)
	at org.springframework.security.web.ObservationFilterChainDecorator$ObservationFilter.doFilter(ObservationFilterChainDecorator.java:227)
	at org.springframework.security.web.ObservationFilterChainDecorator$VirtualFilterChain.doFilter(ObservationFilterChainDecorator.java:137)
	at org.springframework.security.web.savedrequest.RequestCacheAwareFilter.doFilter(RequestCacheAwareFilter.java:63)
	at org.springframework.security.web.ObservationFilterChainDecorator$ObservationFilter.wrapFilter(ObservationFilterChainDecorator.java:240)
	at org.springframework.security.web.ObservationFilterChainDecorator$ObservationFilter.doFilter(ObservationFilterChainDecorator.java:227)
	at org.springframework.security.web.ObservationFilterChainDecorator$VirtualFilterChain.doFilter(ObservationFilterChainDecorator.java:137)
	at org.springframework.security.web.authentication.logout.LogoutFilter.doFilter(LogoutFilter.java:107)
	at org.springframework.security.web.authentication.logout.LogoutFilter.doFilter(LogoutFilter.java:93)
	at org.springframework.security.web.ObservationFilterChainDecorator$ObservationFilter.wrapFilter(ObservationFilterChainDecorator.java:240)
	at org.springframework.security.web.ObservationFilterChainDecorator$ObservationFilter.doFilter(ObservationFilterChainDecorator.java:227)
	at org.springframework.security.web.ObservationFilterChainDecorator$VirtualFilterChain.doFilter(ObservationFilterChainDecorator.java:137)
	at org.springframework.web.filter.CorsFilter.doFilterInternal(CorsFilter.java:91)
	at org.springframework.web.filter.OncePerRequestFilter.doFilter(OncePerRequestFilter.java:116)
	at org.springframework.security.web.ObservationFilterChainDecorator$ObservationFilter.wrapFilter(ObservationFilterChainDecorator.java:240)
	at org.springframework.security.web.ObservationFilterChainDecorator$ObservationFilter.doFilter(ObservationFilterChainDecorator.java:227)
	at org.springframework.security.web.ObservationFilterChainDecorator$VirtualFilterChain.doFilter(ObservationFilterChainDecorator.java:137)
	at org.springframework.security.web.header.HeaderWriterFilter.doHeadersAfter(HeaderWriterFilter.java:90)
	at org.springframework.security.web.header.HeaderWriterFilter.doFilterInternal(HeaderWriterFilter.java:75)
	at org.springframework.web.filter.OncePerRequestFilter.doFilter(OncePerRequestFilter.java:116)
	at org.springframework.security.web.ObservationFilterChainDecorator$ObservationFilter.wrapFilter(ObservationFilterChainDecorator.java:240)
	at org.springframework.security.web.ObservationFilterChainDecorator$ObservationFilter.doFilter(ObservationFilterChainDecorator.java:227)
	at org.springframework.security.web.ObservationFilterChainDecorator$VirtualFilterChain.doFilter(ObservationFilterChainDecorator.java:137)
	at org.springframework.security.web.context.SecurityContextHolderFilter.doFilter(SecurityContextHolderFilter.java:82)
	at org.springframework.security.web.context.SecurityContextHolderFilter.doFilter(SecurityContextHolderFilter.java:69)
	at org.springframework.security.web.ObservationFilterChainDecorator$ObservationFilter.wrapFilter(ObservationFilterChainDecorator.java:240)
	at org.springframework.security.web.ObservationFilterChainDecorator$ObservationFilter.doFilter(ObservationFilterChainDecorator.java:227)
	at org.springframework.security.web.ObservationFilterChainDecorator$VirtualFilterChain.doFilter(ObservationFilterChainDecorator.java:137)
	at org.springframework.security.web.context.request.async.WebAsyncManagerIntegrationFilter.doFilterInternal(WebAsyncManagerIntegrationFilter.java:62)
	at org.springframework.web.filter.OncePerRequestFilter.doFilter(OncePerRequestFilter.java:116)
	at org.springframework.security.web.ObservationFilterChainDecorator$ObservationFilter.wrapFilter(ObservationFilterChainDecorator.java:240)
	at org.springframework.security.web.ObservationFilterChainDecorator$ObservationFilter.doFilter(ObservationFilterChainDecorator.java:227)
	at org.springframework.security.web.ObservationFilterChainDecorator$VirtualFilterChain.doFilter(ObservationFilterChainDecorator.java:137)
	at org.springframework.security.web.session.DisableEncodeUrlFilter.doFilterInternal(DisableEncodeUrlFilter.java:42)
	at org.springframework.web.filter.OncePerRequestFilter.doFilter(OncePerRequestFilter.java:116)
	at org.springframework.security.web.ObservationFilterChainDecorator$ObservationFilter.wrapFilter(ObservationFilterChainDecorator.java:240)
	at org.springframework.security.web.ObservationFilterChainDecorator$AroundFilterObservation$SimpleAroundFilterObservation.lambda$wrap$0(ObservationFilterChainDecorator.java:323)
	at org.springframework.security.web.ObservationFilterChainDecorator$ObservationFilter.doFilter(ObservationFilterChainDecorator.java:224)
	at org.springframework.security.web.ObservationFilterChainDecorator$VirtualFilterChain.doFilter(ObservationFilterChainDecorator.java:137)
	at org.springframework.security.web.FilterChainProxy.doFilterInternal(FilterChainProxy.java:233)
	at org.springframework.security.web.FilterChainProxy.doFilter(FilterChainProxy.java:191)
	at org.springframework.web.filter.CompositeFilter$VirtualFilterChain.doFilter(CompositeFilter.java:113)
	at org.springframework.web.servlet.handler.HandlerMappingIntrospector.lambda$createCacheFilter$3(HandlerMappingIntrospector.java:195)
	at org.springframework.web.filter.CompositeFilter$VirtualFilterChain.doFilter(CompositeFilter.java:113)
	at org.springframework.web.filter.CompositeFilter.doFilter(CompositeFilter.java:74)
	at org.springframework.security.config.annotation.web.configuration.WebMvcSecurityConfiguration$CompositeFilterChainProxy.doFilter(WebMvcSecurityConfiguration.java:230)
	at org.springframework.web.filter.DelegatingFilterProxy.invokeDelegate(DelegatingFilterProxy.java:352)
	at org.springframework.web.filter.DelegatingFilterProxy.doFilter(DelegatingFilterProxy.java:268)
	at org.apache.catalina.core.ApplicationFilterChain.internalDoFilter(ApplicationFilterChain.java:164)
	at org.apache.catalina.core.ApplicationFilterChain.doFilter(ApplicationFilterChain.java:140)
	at org.springframework.web.filter.RequestContextFilter.doFilterInternal(RequestContextFilter.java:100)
	at org.springframework.web.filter.OncePerRequestFilter.doFilter(OncePerRequestFilter.java:116)
	at org.apache.catalina.core.ApplicationFilterChain.internalDoFilter(ApplicationFilterChain.java:164)
	at org.apache.catalina.core.ApplicationFilterChain.doFilter(ApplicationFilterChain.java:140)
	at org.springframework.web.filter.FormContentFilter.doFilterInternal(FormContentFilter.java:93)
	at org.springframework.web.filter.OncePerRequestFilter.doFilter(OncePerRequestFilter.java:116)
	at org.apache.catalina.core.ApplicationFilterChain.internalDoFilter(ApplicationFilterChain.java:164)
	at org.apache.catalina.core.ApplicationFilterChain.doFilter(ApplicationFilterChain.java:140)
	at org.springframework.web.filter.ServerHttpObservationFilter.doFilterInternal(ServerHttpObservationFilter.java:113)
	at org.springframework.web.filter.OncePerRequestFilter.doFilter(OncePerRequestFilter.java:116)
	at org.apache.catalina.core.ApplicationFilterChain.internalDoFilter(ApplicationFilterChain.java:164)
	at org.apache.catalina.core.ApplicationFilterChain.doFilter(ApplicationFilterChain.java:140)
	at org.springframework.web.filter.CharacterEncodingFilter.doFilterInternal(CharacterEncodingFilter.java:201)
	at org.springframework.web.filter.OncePerRequestFilter.doFilter(OncePerRequestFilter.java:116)
	at org.apache.catalina.core.ApplicationFilterChain.internalDoFilter(ApplicationFilterChain.java:164)
	at org.apache.catalina.core.ApplicationFilterChain.doFilter(ApplicationFilterChain.java:140)
	at org.apache.catalina.core.StandardWrapperValve.invoke(StandardWrapperValve.java:167)
	at org.apache.catalina.core.StandardContextValve.invoke(StandardContextValve.java:90)
	at org.apache.catalina.authenticator.AuthenticatorBase.invoke(AuthenticatorBase.java:483)
	at org.apache.catalina.core.StandardHostValve.invoke(StandardHostValve.java:115)
	at org.apache.catalina.valves.ErrorReportValve.invoke(ErrorReportValve.java:93)
	at org.apache.catalina.core.StandardEngineValve.invoke(StandardEngineValve.java:74)
	at org.apache.catalina.connector.CoyoteAdapter.service(CoyoteAdapter.java:344)
	at org.apache.coyote.http11.Http11Processor.service(Http11Processor.java:389)
	at org.apache.coyote.AbstractProcessorLight.process(AbstractProcessorLight.java:63)
	at org.apache.coyote.AbstractProtocol$ConnectionHandler.process(AbstractProtocol.java:904)
	at org.apache.tomcat.util.net.NioEndpoint$SocketProcessor.doRun(NioEndpoint.java:1741)
	at org.apache.tomcat.util.net.SocketProcessorBase.run(SocketProcessorBase.java:52)
	at org.apache.tomcat.util.threads.ThreadPoolExecutor.runWorker(ThreadPoolExecutor.java:1190)
	at org.apache.tomcat.util.threads.ThreadPoolExecutor$Worker.run(ThreadPoolExecutor.java:659)
	at org.apache.tomcat.util.threads.TaskThread$WrappingRunnable.run(TaskThread.java:63)
	at java.base/java.lang.Thread.run(Thread.java:833)
